{
  "stats": {
    "suites": 1,
    "tests": 1,
    "passes": 1,
    "pending": 0,
    "failures": 0,
    "start": "2024-06-06T03:22:33.378Z",
    "end": "2024-06-06T03:22:46.280Z",
    "duration": 12902,
    "testsRegistered": 1,
    "passPercent": 100,
    "pendingPercent": 0,
    "other": 0,
    "hasOther": false,
    "skipped": 0,
    "hasSkipped": false
  },
  "results": [
    {
      "uuid": "c6d2be33-6881-4df0-b618-8d8cc96db38a",
      "title": "",
      "fullFile": "cypress\\e2e\\specTestGoogleSearch.cy.js",
      "file": "cypress\\e2e\\specTestGoogleSearch.cy.js",
      "beforeHooks": [],
      "afterHooks": [],
      "tests": [],
      "suites": [
        {
          "uuid": "58d45065-a3ef-4bb6-9e88-31a70020861c",
          "title": "template spec",
          "fullFile": "",
          "file": "",
          "beforeHooks": [],
          "afterHooks": [],
          "tests": [
            {
              "title": "check if google search functionality is working as expected",
              "fullTitle": "template spec check if google search functionality is working as expected",
              "timedOut": null,
              "duration": 12833,
              "state": "passed",
              "speed": "slow",
              "pass": true,
              "fail": false,
              "pending": false,
              "context": null,
              "code": "cy.isVisible(_googleSearchMain.default.searchBox);\ncy.fill(_googleSearchMain.default.searchBox, _searchData.default.data);\ncy.clickBtn(_googleSearchMain.default.googleSearchButton);\ncy.isHidden(_googleSearchMain.default.searchBox);\ncy.isHidden(_googleSearchMain.default.googleSearchButton);\ncy.isVisible(_googleSearchedDetails.default.searchButton);\ncy.hover(_googleSearchedDetails.default.searchButton);\ncy.isVisible(_googleSearchedDetails.default.googleLogo);\ncy.hover(_googleSearchedDetails.default.googleLogo);\ncy.clickBtn(_googleSearchedDetails.default.googleLogo);\ncy.isVisible(_googleSearchMain.default.searchBox);\ncy.isEmpty(_googleSearchMain.default.searchBox);",
              "err": {},
              "uuid": "533ea37a-bb1c-41e1-b5cd-29dad5d642a2",
              "parentUUID": "58d45065-a3ef-4bb6-9e88-31a70020861c",
              "isHook": false,
              "skipped": false
            }
          ],
          "suites": [],
          "passes": [
            "533ea37a-bb1c-41e1-b5cd-29dad5d642a2"
          ],
          "failures": [],
          "pending": [],
          "skipped": [],
          "duration": 12833,
          "root": false,
          "rootEmpty": false,
          "_timeout": 2000
        }
      ],
      "passes": [],
      "failures": [],
      "pending": [],
      "skipped": [],
      "duration": 0,
      "root": true,
      "rootEmpty": true,
      "_timeout": 2000
    }
  ],
  "meta": {
    "mocha": {
      "version": "7.0.1"
    },
    "mochawesome": {
      "options": {
        "quiet": false,
        "reportFilename": "mochawesome",
        "saveHtml": false,
        "saveJson": true,
        "consoleReporter": "spec",
        "useInlineDiffs": false,
        "code": true
      },
      "version": "7.1.3"
    },
    "marge": {
      "options": {
        "id": "default",
        "reportDir": "cypress/reports/mocha",
        "quite": true,
        "overwrite": false,
        "html": false,
        "json": true
      },
      "version": "6.2.0"
    }
  }
}